<?xml version="1.0" encoding="UTF-8"?>
<!-- Generated by org.testng.reporters.JUnitReportReporter -->
<testsuite hostname="DESKTOP-A5CHD3A" failures="0" tests="2" name="testScripts.Report" time="10.791" errors="0" timestamp="2023-12-26T14:58:09 IST" skipped="0">
  <testcase classname="testScripts.Report" name="reportTest2" time="4.992"/>
  <testcase classname="testScripts.Report" name="reportTest" time="5.799"/>
</testsuite> <!-- testScripts.Report -->
