<?xml version="1.0" encoding="UTF-8"?>
<!-- Generated by org.testng.reporters.JUnitReportReporter -->
<testsuite hostname="DESKTOP-A5CHD3A" failures="0" tests="1" name="testScripts.BooksTest" time="3.176" errors="0" timestamp="2023-12-27T14:42:44 IST" skipped="0">
  <testcase classname="testScripts.BooksTest" name="verifyBookPage_001" time="3.176">
    <system-out>
      <![CDATA[Verify books pageis displayed
Test case Completed and It passed]]>
    </system-out>
  </testcase> <!-- verifyBookPage_001 -->
  <system-out>
    <![CDATA[Before test
Before class
Login
Verify books pageis displayed
Test case Completed and It passed
Log out
After class
After test
Close connection to database]]>
  </system-out>
</testsuite> <!-- testScripts.BooksTest -->
