<?xml version="1.0" encoding="UTF-8"?>
<!-- Generated by org.testng.reporters.JUnitReportReporter -->
<testsuite hostname="DESKTOP-A5CHD3A" failures="0" tests="1" name="testScripts.JewelryTest" time="3.850" errors="0" timestamp="2023-12-26T15:14:45 IST" skipped="0">
  <testcase classname="testScripts.JewelryTest" name="diamondHeartTest_001" time="3.850"/>
  <system-out>
    <![CDATA[Before test
Before class
Login
Log out
Login
Log out
Login
Verify books pageis displayed
Test case Completed and It passed
Log out
After class
Before class
Login
Log out
After class
After test
Close connection to database]]>
  </system-out>
</testsuite> <!-- testScripts.JewelryTest -->
